android/app/proguard/mapping.txt
# compiler: R8
# compiler_version: 1.5.64
# min_api: 16
# pg_map_id: 3876673
com.example.flutter_app.MainActivity -> com.example.flutter_app.MainActivity:
    1:1:void <init>():5:5 -> <init>
    1:1:void onBackPressed():9:9 -> onBackPressed
com.example.flutter_app.MyApplication -> com.example.flutter_app.MyApplication:
    1:1:void <init>():8:8 -> <init>
    1:2:void onCreate():12:13 -> onCreate
...
com.baseflow.permissionhandler.-$$Lambda$sBX9xOXZL-IyslP1RzvV3CSTujA -> IL1Iii.IL1Iii.IL1Iii.Ilil:
    io.flutter.embedding.engine.plugins.activity.ActivityPluginBinding f$0 -> IL1Iii
    void addListener(io.flutter.plugin.common.PluginRegistry$ActivityResultListener) -> IL1Iii
com.baseflow.permissionhandler.AppSettingsManager -> IL1Iii.IL1Iii.IL1Iii.l丨Li1LL:
    1:1:void <init>():7:7 -> <init>
    1:7:boolean openAppSettings(android.content.Context):15:21 -> IL1Iii
    8:8:boolean openAppSettings(android.content.Context):23:23 -> IL1Iii
com.baseflow.permissionhandler.MethodCallHandlerImpl -> IL1Iii.IL1Iii.IL1Iii.iI丨LLL1:
    com.baseflow.permissionhandler.PermissionManager permissionManager -> I1I
    com.baseflow.permissionhandler.PermissionManager$ActivityRegistry activityRegistry -> l丨Li1LL
    com.baseflow.permissionhandler.PermissionManager$PermissionRegistry permissionRegistry -> iI丨LLL1
    com.baseflow.permissionhandler.AppSettingsManager appSettingsManager -> ILil
    android.content.Context applicationContext -> IL1Iii
    android.app.Activity activity -> Ilil
    com.baseflow.permissionhandler.ServiceManager serviceManager -> I丨L
    1:5:void <init>(android.content.Context,com.baseflow.permissionhandler.AppSettingsManager,com.baseflow.permissionhandler.PermissionManager,com.baseflow.permissionhandler.ServiceManager):28:32 -> <init>
    1:1:void setActivity(android.app.Activity):45:45 -> IL1Iii
    2:2:void setActivityRegistry(com.baseflow.permissionhandler.PermissionManager$ActivityRegistry):50:50 -> IL1Iii
    3:3:void setPermissionRegistry(com.baseflow.permissionhandler.PermissionManager$PermissionRegistry):55:55 -> IL1Iii
    4:4:void lambda$onMethodCall$0(io.flutter.plugin.common.MethodChannel$Result,java.lang.String,java.lang.String):91:91 -> IL1Iii
    1:1:void onMethodCall(io.flutter.plugin.common.MethodCall,io.flutter.plugin.common.MethodChannel$Result):61:61 -> onMethodCall
com.baseflow.permissionhandler.PermissionHandlerPlugin -> IL1Iii.IL1Iii.IL1Iii.I丨iL:
    com.baseflow.permissionhandler.MethodCallHandlerImpl methodCallHandler -> ILil
    io.flutter.plugin.common.MethodChannel methodChannel -> IL1Iii
    1:1:void <init>():25:25 -> <init>
    1:1:void startListening(android.content.Context,io.flutter.plugin.common.BinaryMessenger):91:91 -> IL1Iii
    2:2:void startListening(android.content.Context,io.flutter.plugin.common.BinaryMessenger):95:95 -> IL1Iii
    3:3:void startListening(android.content.Context,io.flutter.plugin.common.BinaryMessenger):102:102 -> IL1Iii
    4:6:void stopListening():106:108 -> IL1Iii
    7:10:void startListeningToActivity(android.app.Activity,com.baseflow.permissionhandler.PermissionManager$ActivityRegistry,com.baseflow.permissionhandler.PermissionManager$PermissionRegistry):116:119 -> IL1Iii
    1:4:void stopListeningToActivity():124:127 -> ILil
    1:1:void onAttachedToActivity(io.flutter.embedding.engine.plugins.activity.ActivityPluginBinding):68:68 -> onAttachedToActivity
    2:2:void onAttachedToActivity(io.flutter.embedding.engine.plugins.activity.ActivityPluginBinding):67:67 -> onAttachedToActivity
    1:2:void onAttachedToEngine(io.flutter.embedding.engine.plugins.FlutterPlugin$FlutterPluginBinding):55:56 -> onAttachedToEngine
    3:3:void onAttachedToEngine(io.flutter.embedding.engine.plugins.FlutterPlugin$FlutterPluginBinding):54:54 -> onAttachedToEngine